h:\srtp\flysky\flysky\debug\vc120.pdb
h:\srtp\flysky\flysky\debug\vc120.idb
h:\srtp\flysky\flysky\debug\board.obj
h:\srtp\flysky\flysky\debug\check.obj
h:\srtp\flysky\flysky\debug\draw.obj
h:\srtp\flysky\flysky\debug\evaluation.obj
h:\srtp\flysky\flysky\debug\event.obj
h:\srtp\flysky\flysky\debug\expand.obj
h:\srtp\flysky\flysky\debug\init.obj
h:\srtp\flysky\flysky\debug\ltextrue.obj
h:\srtp\flysky\flysky\debug\main.obj
h:\srtp\flysky\flysky\debug\mouse.obj
h:\srtp\flysky\flysky\debug\movement.obj
h:\srtp\flysky\flysky\debug\zobrist.obj
h:\srtp\flysky\flysky\debug\_debug_.obj
h:\srtp\flysky\flysky\debug\aimain.obj
h:\srtp\flysky\flysky\debug\searchtree.obj
h:\srtp\flysky\debug\flysky.ilk
h:\srtp\flysky\debug\flysky.exe
h:\srtp\flysky\debug\flysky.pdb
h:\srtp\flysky\flysky\debug\flysky.tlog\cl.command.1.tlog
h:\srtp\flysky\flysky\debug\flysky.tlog\cl.read.1.tlog
h:\srtp\flysky\flysky\debug\flysky.tlog\cl.write.1.tlog
h:\srtp\flysky\flysky\debug\flysky.tlog\link.command.1.tlog
h:\srtp\flysky\flysky\debug\flysky.tlog\link.read.1.tlog
h:\srtp\flysky\flysky\debug\flysky.tlog\link.write.1.tlog
h:\srtp\flysky\flysky\debug\flysky.tlog\metagen.read.1.tlog
h:\srtp\flysky\flysky\debug\flysky.tlog\metagen.write.1.tlog
h:\srtp\flysky\flysky\debug\flysky.tlog\rsaenh.dll.bi
h:\srtp\flysky\flysky\debug\flysky.tlog\tzres.dll.bi
